<?xml version="1.0" encoding="UTF-8"?>
<testsuite name="com.uservalidation.UserValidation" tests="1" skipped="0" failures="0" errors="0" timestamp="2022-06-14T23:16:56" hostname="DESKTOP-AD6UTVH" time="0.066">
  <properties/>
  <testcase name="testeValidateFistNameReturnFalse()" classname="com.uservalidation.UserValidation" time="0.066"/>
  <system-out><![CDATA[]]></system-out>
  <system-err><![CDATA[]]></system-err>
</testsuite>
