<?xml version="1.0" encoding="UTF-8"?>
<testsuite name="com.uservalidation.UserValidation" tests="5" skipped="0" failures="0" errors="0" timestamp="2022-06-15T00:43:25" hostname="DESKTOP-AD6UTVH" time="0.062">
  <properties/>
  <testcase name="contactNumberWithoutCountryCodeReturnFalse()" classname="com.uservalidation.UserValidation" time="0.05"/>
  <testcase name="inputProperFirstNameReturnTrue()" classname="com.uservalidation.UserValidation" time="0.003"/>
  <testcase name="lastNameNotProperReturnFalse()" classname="com.uservalidation.UserValidation" time="0.002"/>
  <testcase name="testeValidateFistNameReturnFalse()" classname="com.uservalidation.UserValidation" time="0.001"/>
  <testcase name="lastNameProperReturntrue()" classname="com.uservalidation.UserValidation" time="0.001"/>
  <system-out><![CDATA[]]></system-out>
  <system-err><![CDATA[]]></system-err>
</testsuite>
